<?xml version="1.0" encoding="UTF-8"?>
<testng-results ignored="0" total="1" passed="1" failed="0" skipped="0">
  <reporter-output>
  </reporter-output>
  <suite started-at="2022-09-21T11:53:15 IST" name="Suite" finished-at="2022-09-21T11:54:02 IST" duration-ms="47639">
    <groups>
    </groups>
    <test started-at="2022-09-21T11:53:15 IST" name="BankingApp Test" finished-at="2022-09-21T11:54:02 IST" duration-ms="47639">
      <class name="com.InetBankingV1.testCases.TC_LoginTest_001">
        <test-method is-config="true" signature="setup(java.lang.String)[pri:0, instance:com.InetBankingV1.testCases.TC_LoginTest_001@4f18837a]" started-at="2022-09-21T11:53:15 IST" name="setup" finished-at="2022-09-21T11:53:49 IST" duration-ms="34341" status="PASS">
          <params>
            <param index="0">
              <value>
                <![CDATA[chrome]]>
              </value>
            </param>
          </params>
          <reporter-output>
          </reporter-output>
        </test-method> <!-- setup -->
        <test-method signature="loginTest()[pri:0, instance:com.InetBankingV1.testCases.TC_LoginTest_001@4f18837a]" started-at="2022-09-21T11:53:49 IST" name="loginTest" finished-at="2022-09-21T11:54:02 IST" duration-ms="12940" status="PASS">
          <reporter-output>
          </reporter-output>
        </test-method> <!-- loginTest -->
        <test-method is-config="true" signature="teardown()[pri:0, instance:com.InetBankingV1.testCases.TC_LoginTest_001@4f18837a]" started-at="2022-09-21T11:54:02 IST" name="teardown" finished-at="2022-09-21T11:54:02 IST" duration-ms="201" status="PASS">
          <reporter-output>
          </reporter-output>
        </test-method> <!-- teardown -->
      </class> <!-- com.InetBankingV1.testCases.TC_LoginTest_001 -->
    </test> <!-- BankingApp Test -->
  </suite> <!-- Suite -->
</testng-results>
