<?xml version="1.0" encoding="UTF-8"?>
<testng-results ignored="0" total="1" passed="1" failed="0" skipped="0">
  <reporter-output>
  </reporter-output>
  <suite started-at="2022-09-19T15:38:22 IST" name="Suite" finished-at="2022-09-19T15:39:01 IST" duration-ms="39133">
    <groups>
    </groups>
    <test started-at="2022-09-19T15:38:22 IST" name="BankingApp Test" finished-at="2022-09-19T15:39:01 IST" duration-ms="39133">
      <class name="com.InetBankingV1.testCases.TC_AddCustomerTest_003">
        <test-method is-config="true" signature="setup(java.lang.String)[pri:0, instance:com.InetBankingV1.testCases.TC_AddCustomerTest_003@61001b64]" started-at="2022-09-19T15:38:22 IST" name="setup" finished-at="2022-09-19T15:38:31 IST" duration-ms="8543" status="PASS">
          <params>
            <param index="0">
              <value>
                <![CDATA[chrome]]>
              </value>
            </param>
          </params>
          <reporter-output>
          </reporter-output>
        </test-method> <!-- setup -->
        <test-method signature="addNewCustmer()[pri:0, instance:com.InetBankingV1.testCases.TC_AddCustomerTest_003@61001b64]" started-at="2022-09-19T15:38:31 IST" name="addNewCustmer" finished-at="2022-09-19T15:39:01 IST" duration-ms="30163" status="PASS">
          <reporter-output>
          </reporter-output>
        </test-method> <!-- addNewCustmer -->
        <test-method is-config="true" signature="teardown()[pri:0, instance:com.InetBankingV1.testCases.TC_AddCustomerTest_003@61001b64]" started-at="2022-09-19T15:39:01 IST" name="teardown" finished-at="2022-09-19T15:39:01 IST" duration-ms="184" status="PASS">
          <reporter-output>
          </reporter-output>
        </test-method> <!-- teardown -->
      </class> <!-- com.InetBankingV1.testCases.TC_AddCustomerTest_003 -->
    </test> <!-- BankingApp Test -->
  </suite> <!-- Suite -->
</testng-results>
